#
# A fatal error has been detected by the Java Runtime Environment:
#
#  EXCEPTION_ACCESS_VIOLATION (0xc0000005) at pc=0x0000000070002760, pid=8116, tid=8120
#
# JRE version: Java(TM) SE Runtime Environment (8.0_73-b02) (build 1.8.0_73-b02)
# Java VM: Java HotSpot(TM) 64-Bit Server VM (25.73-b02 mixed mode windows-amd64 compressed oops)
# Problematic frame:
# V  [jvm.dll+0xc2760]
#
# Failed to write core dump. Minidumps are not enabled by default on client versions of Windows
#
# If you would like to submit a bug report, please visit:
#   http://bugreport.java.com/bugreport/crash.jsp
#

---------------  T H R E A D  ---------------

Current thread (0x0000000001f3f000):  JavaThread "main" [_thread_in_vm, id=8120, stack(0x0000000002110000,0x0000000002210000)]

siginfo: ExceptionCode=0xc0000005, reading address 0xffffffffffffffff

Registers:
RAX=0x0000000054a644c0, RBX=0x00000000141316d0, RCX=0x0000000054a64518, RDX=0x0000000001f3f980
RSP=0x000000000220e720, RBP=0x000000000220e830, RSI=0xfdfd616161616161, RDI=0x0000000014157828
R8 =0x000000000000000c, R9 =0x0000000001f37e80, R10=0x0000000054273740, R11=0x00000000141316d0
R12=0x0000000001f3f000, R13=0x000000000220e780, R14=0x0000000001e46070, R15=0x0000000001e43720
RIP=0x0000000070002760, EFLAGS=0x0000000000010202

Top of Stack: (sp=0x000000000220e720)
0x000000000220e720:   000000000220e830 0000000000000000
0x000000000220e730:   0000000001f3f000 0000000000000000
0x000000000220e740:   0000000054273ee0 0000000001f3f000
0x000000000220e750:   0000000054273ee0 0000000001f3f000
0x000000000220e760:   0000000014159e10 0000000014159e10
0x000000000220e770:   0000000001f3f000 00000000141571f8
0x000000000220e780:   0000000054273740 0000000001f3f000
0x000000000220e790:   0000000054273740 0000000001f3f000
0x000000000220e7a0:   00000000000000b6 000000000220e900
0x000000000220e7b0:   000000000000000b 0000000001f37e80
0x000000000220e7c0:   000000000220e950 000000000000000b
0x000000000220e7d0:   000000000220e8e0 0000000070002dfd
0x000000000220e7e0:   000000000220e8e0 0000000001f3f980
0x000000000220e7f0:   0000000001f3f000 0000000001f3f000
0x000000000220e800:   0000000001f3f000 00000000700691ec
0x000000000220e810:   0000000001f3f000 000000006fff6960 

Instructions: (pc=0x0000000070002760)
0x0000000070002740:   49 39 74 24 08 75 63 48 8b 94 24 c8 00 00 00 48
0x0000000070002750:   85 d2 74 25 80 3d 66 eb 73 00 00 48 8b 32 74 15
0x0000000070002760:   8b 76 08 8b 0d 27 40 6d 00 48 d3 e6 48 03 35 15
0x0000000070002770:   40 6d 00 eb 04 48 8b 76 08 48 8b 8c 24 c0 00 00 


Register to memory mapping:

RAX=0x0000000054a644c0 is an unknown value
RBX=0x00000000141316d0 is pointing into metadata
RCX=0x0000000054a64518 is an unknown value
RDX=0x0000000001f3f980 is an unknown value
RSP=0x000000000220e720 is pointing into the stack for thread: 0x0000000001f3f000
RBP=0x000000000220e830 is pointing into the stack for thread: 0x0000000001f3f000
RSI=0xfdfd616161616161 is an unknown value
RDI=0x0000000014157828 is pointing into metadata
R8 =0x000000000000000c is an unknown value
R9 =0x0000000001f37e80 is an unknown value
R10=0x0000000054273740 is pointing into metadata
R11=0x00000000141316d0 is pointing into metadata
R12=0x0000000001f3f000 is a thread
R13=0x000000000220e780 is pointing into the stack for thread: 0x0000000001f3f000
R14=0x0000000001e46070 is an unknown value
R15=0x0000000001e43720 is an unknown value


Stack: [0x0000000002110000,0x0000000002210000],  sp=0x000000000220e720,  free space=1017k
Native frames: (J=compiled Java code, j=interpreted, Vv=VM code, C=native code)
V  [jvm.dll+0xc2760]
V  [jvm.dll+0xc2dfd]
V  [jvm.dll+0xbb2c6]
C  0x000000000250138c

Java frames: (J=compiled Java code, j=interpreted, Vv=VM code)
j  java.io.Writer.write(Ljava/lang/String;)V+4
j  java.io.PrintStream.write(Ljava/lang/String;)V+13
j  java.io.PrintStream.print(Ljava/lang/String;)V+9
j  java.io.PrintStream.println(Ljava/lang/String;)V+6
j  main.java.Main.main([Ljava/lang/String;)V+17
v  ~StubRoutines::call_stub
j  sun.reflect.NativeMethodAccessorImpl.invoke0(Ljava/lang/reflect/Method;Ljava/lang/Object;[Ljava/lang/Object;)Ljava/lang/Object;+0
j  sun.reflect.NativeMethodAccessorImpl.invoke(Ljava/lang/Object;[Ljava/lang/Object;)Ljava/lang/Object;+100
j  sun.reflect.DelegatingMethodAccessorImpl.invoke(Ljava/lang/Object;[Ljava/lang/Object;)Ljava/lang/Object;+6
j  java.lang.reflect.Method.invoke(Ljava/lang/Object;[Ljava/lang/Object;)Ljava/lang/Object;+56
j  com.intellij.rt.execution.application.AppMain.main([Ljava/lang/String;)V+170
v  ~StubRoutines::call_stub

---------------  P R O C E S S  ---------------

Java Threads: ( => current thread )
  0x0000000055fee800 JavaThread "Monitor Ctrl-Break" daemon [_thread_new, id=928, stack(0x0000000000000000,0x0000000000000000)]
  0x0000000054b2e800 JavaThread "Service Thread" daemon [_thread_blocked, id=7136, stack(0x0000000055590000,0x0000000055690000)]
  0x0000000054b27800 JavaThread "C1 CompilerThread1" daemon [_thread_blocked, id=6532, stack(0x0000000055e40000,0x0000000055f40000)]
  0x0000000054ace000 JavaThread "C2 CompilerThread0" daemon [_thread_blocked, id=7636, stack(0x0000000055d20000,0x0000000055e20000)]
  0x0000000054aca000 JavaThread "Attach Listener" daemon [_thread_blocked, id=7520, stack(0x0000000055bb0000,0x0000000055cb0000)]
  0x0000000054ac8800 JavaThread "Signal Dispatcher" daemon [_thread_blocked, id=6128, stack(0x0000000055860000,0x0000000055960000)]
  0x0000000054a6e000 JavaThread "Finalizer" daemon [_thread_blocked, id=7300, stack(0x0000000055960000,0x0000000055a60000)]
  0x0000000054a64800 JavaThread "Reference Handler" daemon [_thread_blocked, id=4856, stack(0x00000000556e0000,0x00000000557e0000)]
=>0x0000000001f3f000 JavaThread "main" [_thread_in_vm, id=8120, stack(0x0000000002110000,0x0000000002210000)]

Other Threads:
  0x0000000054a5f000 VMThread [stack: 0x0000000055490000,0x0000000055590000] [id=6008]
  0x0000000055f53800 WatcherThread [stack: 0x00000000564a0000,0x00000000565a0000] [id=4548]

VM state:not at safepoint (normal execution)

VM Mutex/Monitor currently owned by a thread: None

Heap:
 PSYoungGen      total 18944K, used 1638K [0x00000000eb180000, 0x00000000ec680000, 0x0000000100000000)
  eden space 16384K, 10% used [0x00000000eb180000,0x00000000eb319af0,0x00000000ec180000)
  from space 2560K, 0% used [0x00000000ec400000,0x00000000ec400000,0x00000000ec680000)
  to   space 2560K, 0% used [0x00000000ec180000,0x00000000ec180000,0x00000000ec400000)
 ParOldGen       total 44032K, used 0K [0x00000000c1400000, 0x00000000c3f00000, 0x00000000eb180000)
  object space 44032K, 0% used [0x00000000c1400000,0x00000000c1400000,0x00000000c3f00000)
 Metaspace       used 2862K, capacity 4496K, committed 4864K, reserved 1056768K
  class space    used 315K, capacity 388K, committed 512K, reserved 1048576K

Card table byte_map: [0x00000000118a0000,0x0000000011aa0000] byte_map_base: 0x0000000011296000

Marking Bits: (ParMarkBitMap*) 0x0000000070750600
 Begin Bits: [0x0000000011fd0000, 0x0000000012f80000)
 End Bits:   [0x0000000012f80000, 0x0000000013f30000)

Polling page: 0x0000000000110000

CodeCache: size=245760Kb used=1154Kb max_used=1154Kb free=244605Kb
 bounds [0x00000000024e0000, 0x0000000002750000, 0x00000000114e0000]
 total_blobs=295 nmethods=61 adapters=148
 compilation: enabled

Compilation events (10 events):
Event: 0.421 Thread 0x0000000054b27800   56       3       java.lang.String::indexOf (166 bytes)
Event: 0.422 Thread 0x0000000054b27800 nmethod 56 0x00000000025fea10 code [0x00000000025febc0, 0x00000000025ff210]
Event: 0.422 Thread 0x0000000054b27800   57       1       java.lang.ref.Reference::get (5 bytes)
Event: 0.422 Thread 0x0000000054b27800 nmethod 57 0x00000000025ff5d0 code [0x00000000025ff720, 0x00000000025ff830]
Event: 0.422 Thread 0x0000000054b27800   58       3       java.util.concurrent.ConcurrentHashMap::tabAt (21 bytes)
Event: 0.422 Thread 0x0000000054b27800 nmethod 58 0x00000000025ffc50 code [0x00000000025ffda0, 0x00000000025fffd0]
Event: 0.423 Thread 0x0000000054b27800   60       3       java.lang.String::lastIndexOf (52 bytes)
Event: 0.423 Thread 0x0000000054b27800 nmethod 60 0x0000000002600050 code [0x00000000026001e0, 0x0000000002600588]
Event: 0.426 Thread 0x0000000054b27800   61       3       java.io.WinNTFileSystem::isLetter (30 bytes)
Event: 0.426 Thread 0x0000000054b27800 nmethod 61 0x0000000002600710 code [0x0000000002600880, 0x0000000002600af0]

GC Heap History (0 events):
No events

Deoptimization events (0 events):
No events

Internal exceptions (2 events):
Event: 0.065 Thread 0x0000000001f3f000 Exception <a 'java/lang/NoSuchMethodError': Method sun.misc.Unsafe.defineClass(Ljava/lang/String;[BII)Ljava/lang/Class; name or signature does not match> (0x00000000eb1930e8) thrown at [D:\re\puppet\workspace\8-2-build-windows-amd64-cygwin\jdk8u73\6086\hoth,¤F¥°?
Event: 0.065 Thread 0x0000000001f3f000 Exception <a 'java/lang/NoSuchMethodError': Method sun.misc.Unsafe.prefetchRead(Ljava/lang/Object;J)V name or signature does not match> (0x00000000eb1933d0) thrown at [D:\re\puppet\workspace\8-2-build-windows-amd64-cygwin\jdk8u73\6086\hotspot\src\share\vm\

Events (10 events):
Event: 0.423 loading class sun/misc/URLClassPath$FileLoader$1
Event: 0.423 loading class sun/misc/URLClassPath$FileLoader$1 done
Event: 0.424 loading class sun/reflect/NativeMethodAccessorImpl
Event: 0.425 loading class sun/reflect/NativeMethodAccessorImpl done
Event: 0.425 loading class sun/reflect/DelegatingMethodAccessorImpl
Event: 0.425 loading class sun/reflect/DelegatingMethodAccessorImpl done
Event: 0.425 loading class main/java/MyLib
Event: 0.425 loading class main/java/MyLib done
Event: 0.426 loading class java/lang/ClassLoaderHelper
Event: 0.426 loading class java/lang/ClassLoaderHelper done


Dynamic libraries:
0x000000013ffa0000 - 0x000000013ffd7000 	C:\Program Files\Java\jdk1.8.0_73\bin\java.exe
0x00000000770b0000 - 0x0000000077259000 	C:\Windows\SYSTEM32\ntdll.dll
0x0000000076f90000 - 0x00000000770af000 	C:\Windows\system32\kernel32.dll
0x000007fefd160000 - 0x000007fefd1cb000 	C:\Windows\system32\KERNELBASE.dll
0x000007fefe0c0000 - 0x000007fefe19b000 	C:\Windows\system32\ADVAPI32.dll
0x000007fefe1a0000 - 0x000007fefe23f000 	C:\Windows\system32\msvcrt.dll
0x000007feff320000 - 0x000007feff33f000 	C:\Windows\SYSTEM32\sechost.dll
0x000007fefd220000 - 0x000007fefd34d000 	C:\Windows\system32\RPCRT4.dll
0x0000000076e90000 - 0x0000000076f8a000 	C:\Windows\system32\USER32.dll
0x000007fefdec0000 - 0x000007fefdf27000 	C:\Windows\system32\GDI32.dll
0x000007fefdeb0000 - 0x000007fefdebe000 	C:\Windows\system32\LPK.dll
0x000007fefd350000 - 0x000007fefd419000 	C:\Windows\system32\USP10.dll
0x000007fefb8c0000 - 0x000007fefbab4000 	C:\Windows\WinSxS\amd64_microsoft.windows.common-controls_6595b64144ccf1df_6.0.7601.17514_none_fa396087175ac9ac\COMCTL32.dll
0x000007fefe040000 - 0x000007fefe0b1000 	C:\Windows\system32\SHLWAPI.dll
0x000007fefd420000 - 0x000007fefd44e000 	C:\Windows\system32\IMM32.DLL
0x000007fefdf30000 - 0x000007fefe039000 	C:\Windows\system32\MSCTF.dll
0x0000000078d70000 - 0x0000000078e42000 	C:\Program Files\Java\jdk1.8.0_73\jre\bin\msvcr100.dll
0x000000006ff40000 - 0x00000000707d0000 	C:\Program Files\Java\jdk1.8.0_73\jre\bin\server\jvm.dll
0x000007fef0f00000 - 0x000007fef0f09000 	C:\Windows\system32\WSOCK32.dll
0x000007fefda40000 - 0x000007fefda8d000 	C:\Windows\system32\WS2_32.dll
0x000007fefdc20000 - 0x000007fefdc28000 	C:\Windows\system32\NSI.dll
0x000007fefb170000 - 0x000007fefb1ab000 	C:\Windows\system32\WINMM.dll
0x000007fefbf50000 - 0x000007fefbf5c000 	C:\Windows\system32\VERSION.dll
0x0000000077270000 - 0x0000000077277000 	C:\Windows\system32\PSAPI.DLL
0x000000005a090000 - 0x000000005a09f000 	C:\Program Files\Java\jdk1.8.0_73\jre\bin\verify.dll
0x000000005a040000 - 0x000000005a069000 	C:\Program Files\Java\jdk1.8.0_73\jre\bin\java.dll
0x000000005a020000 - 0x000000005a036000 	C:\Program Files\Java\jdk1.8.0_73\jre\bin\zip.dll
0x000007fefe240000 - 0x000007fefefc8000 	C:\Windows\system32\SHELL32.dll
0x000007feff110000 - 0x000007feff313000 	C:\Windows\system32\ole32.dll
0x000007fefce60000 - 0x000007fefce6f000 	C:\Windows\system32\profapi.dll
0x000007fefa960000 - 0x000007fefa970000 	C:\Program Files (x86)\JetBrains\IntelliJ IDEA 2016.3.3\bin\breakgen64.dll
0x000007fee9f30000 - 0x000007fee9f55000 	C:\Users\July\IdeaProjects\ExportOfDLLTest\Test_Of_DLL.dll
0x000007fee9f00000 - 0x000007fee9f23000 	C:\Windows\system32\VCRUNTIME140D.dll
0x000007fedec80000 - 0x000007fedee3b000 	C:\Windows\system32\ucrtbased.dll
0x000007fef4be0000 - 0x000007fef4be3000 	C:\Windows\system32\api-ms-win-core-timezone-l1-1-0.dll
0x000007fef11b0000 - 0x000007fef11b3000 	C:\Windows\system32\api-ms-win-core-file-l2-1-0.dll
0x000007fef11a0000 - 0x000007fef11a3000 	C:\Windows\system32\api-ms-win-core-localization-l1-2-0.dll
0x000007fef1190000 - 0x000007fef1193000 	C:\Windows\system32\api-ms-win-core-synch-l1-2-0.dll
0x000007fef1180000 - 0x000007fef1183000 	C:\Windows\system32\api-ms-win-core-processthreads-l1-1-1.dll
0x000007fef1170000 - 0x000007fef1173000 	C:\Windows\system32\api-ms-win-core-file-l1-2-0.dll
0x000007fef4d70000 - 0x000007fef4e95000 	C:\Windows\system32\dbghelp.dll

VM Arguments:
jvm_args: -Didea.launcher.port=7533 -Didea.launcher.bin.path=C:\Program Files (x86)\JetBrains\IntelliJ IDEA 2016.3.3\bin -Dfile.encoding=UTF-8 
java_command: com.intellij.rt.execution.application.AppMain main.java.Main
java_class_path (initial): C:\Program Files\Java\jdk1.8.0_73\jre\lib\charsets.jar;C:\Program Files\Java\jdk1.8.0_73\jre\lib\deploy.jar;C:\Program Files\Java\jdk1.8.0_73\jre\lib\ext\access-bridge-64.jar;C:\Program Files\Java\jdk1.8.0_73\jre\lib\ext\cldrdata.jar;C:\Program Files\Java\jdk1.8.0_73\jre\lib\ext\dnsns.jar;C:\Program Files\Java\jdk1.8.0_73\jre\lib\ext\jaccess.jar;C:\Program Files\Java\jdk1.8.0_73\jre\lib\ext\jfxrt.jar;C:\Program Files\Java\jdk1.8.0_73\jre\lib\ext\localedata.jar;C:\Program Files\Java\jdk1.8.0_73\jre\lib\ext\nashorn.jar;C:\Program Files\Java\jdk1.8.0_73\jre\lib\ext\sunec.jar;C:\Program Files\Java\jdk1.8.0_73\jre\lib\ext\sunjce_provider.jar;C:\Program Files\Java\jdk1.8.0_73\jre\lib\ext\sunmscapi.jar;C:\Program Files\Java\jdk1.8.0_73\jre\lib\ext\sunpkcs11.jar;C:\Program Files\Java\jdk1.8.0_73\jre\lib\ext\zipfs.jar;C:\Program Files\Java\jdk1.8.0_73\jre\lib\javaws.jar;C:\Program Files\Java\jdk1.8.0_73\jre\lib\jce.jar;C:\Program Files\Java\jdk1.8.0_73\jre\lib\jfr.jar;C:\Program Files\Java\jdk1.8.0_73\jre\lib\jfxswt.jar;C:\Program Files\Java\jdk1.8.0_73\jre\lib\jsse.jar;C:\Program Files\Java\jdk1.8.0_73\jre\lib\management-agent.jar;C:\Program Files\Java\jdk1.8.0_73\jre\lib\plugin.jar;C:\Program Files\Java\jdk1.8.0_73\jre\lib\resources.jar;C:\Program Files\Java\jdk1.8.0_73\jre\lib\rt.jar;C:\Users\July\IdeaProjects\ExportOfDLLTest\out\production\ExportOfDLLTest;C:\Users\July\IdeaProjects\ExportOfDLLTest\libs\jna-4.3.0.jar;C:\Program Files (x86)\JetBrains\IntelliJ IDEA 2016.3.3\lib\idea_rt.jar
Launcher Type: SUN_STANDARD

Environment Variables:
PATH=C:\PROGRA~2\Borland\CBUILD~1\Bin;C:\PROGRA~2\Borland\CBUILD~1\Projects\Bpl;C:\ProgramData\Oracle\Java\javapath;C:\Windows\system32;C:\Windows;C:\Windows\System32\Wbem;C:\Windows\System32\WindowsPowerShell\v1.0\;C:\Program Files (x86)\AMD\ATI.ACE\Core-Static;C:\Windows\system32\config\systemprofile\.dnx\bin;C:\Program Files\Microsoft DNX\Dnvm\;C:\Program Files (x86)\Windows Kits\8.1\Windows Performance Toolkit\;C:\Program Files\Microsoft SQL Server\120\Tools\Binn\;C:\Program Files\Microsoft SQL Server\130\Tools\Binn\;C:\Program Files\Git\cmd;C:\Program Files\Java\jdk1.8.0_73\bin;C:\Program Files\OpenVPN\bin;C:\Program Files (x86)\Skype\Phone\;C:\Program Files (x86)\Microsoft SQL Server\100\Tools\Binn\;C:\Program Files\Microsoft SQL Server\100\Tools\Binn\;C:\Program Files\Microsoft SQL Server\100\DTS\Binn\;C:\Program Files\Microsoft SQL Server\110\Tools\Binn\;D:\Users\July\Documents\Visual Studio 2015\Projects\opencv\build\x64\vc14\bin;C:\jython2.7.0\bin;C:\Users\July\AppData\Local\Programs\Python\Python36-32\Scripts\;C:\Users\July\AppData\Local\Programs\Python\Python36-32\;C:\Users\July\AppData\Local\Temp;
USERNAME=July
OS=Windows_NT
PROCESSOR_IDENTIFIER=Intel64 Family 6 Model 42 Stepping 7, GenuineIntel



---------------  S Y S T E M  ---------------

OS: Windows 7 , 64 bit Build 7601 (6.1.7601.18015)

CPU:total 2 (2 cores per cpu, 1 threads per core) family 6 model 42 stepping 7, cmov, cx8, fxsr, mmx, sse, sse2, sse3, ssse3, sse4.1, sse4.2, popcnt, clmul, tsc, tscinvbit

Memory: 4k page, physical 4106136k(1062796k free), swap 8210408k(1950540k free)

vm_info: Java HotSpot(TM) 64-Bit Server VM (25.73-b02) for windows-amd64 JRE (1.8.0_73-b02), built on Jan 29 2016 17:38:49 by "java_re" with MS VC++ 10.0 (VS2010)

time: Fri May 18 12:52:02 2018
elapsed time: 0 seconds (0d 0h 0m 0s)

