#
# A fatal error has been detected by the Java Runtime Environment:
#
#  EXCEPTION_ACCESS_VIOLATION (0xc0000005) at pc=0x000000006fa92760, pid=7388, tid=5916
#
# JRE version: Java(TM) SE Runtime Environment (8.0_73-b02) (build 1.8.0_73-b02)
# Java VM: Java HotSpot(TM) 64-Bit Server VM (25.73-b02 mixed mode windows-amd64 compressed oops)
# Problematic frame:
# V  [jvm.dll+0xc2760]
#
# Failed to write core dump. Minidumps are not enabled by default on client versions of Windows
#
# If you would like to submit a bug report, please visit:
#   http://bugreport.java.com/bugreport/crash.jsp
#

---------------  T H R E A D  ---------------

Current thread (0x0000000001f2f000):  JavaThread "main" [_thread_in_vm, id=5916, stack(0x0000000002230000,0x0000000002330000)]

siginfo: ExceptionCode=0xc0000005, reading address 0xffffffffffffffff

Registers:
RAX=0x00000000548e4480, RBX=0x0000000013fb16d0, RCX=0x00000000548e44d8, RDX=0x0000000001f2f980
RSP=0x000000000232e880, RBP=0x000000000232e990, RSI=0xfdfd616161616161, RDI=0x0000000013fd7828
R8 =0x000000000000000c, R9 =0x0000000001f27e80, R10=0x00000000540f3740, R11=0x0000000013fb16d0
R12=0x0000000001f2f000, R13=0x000000000232e8e0, R14=0x0000000001e06070, R15=0x0000000001e03720
RIP=0x000000006fa92760, EFLAGS=0x0000000000010202

Top of Stack: (sp=0x000000000232e880)
0x000000000232e880:   000000000232e990 0000000000000000
0x000000000232e890:   0000000001f2f000 0000000000000000
0x000000000232e8a0:   00000000540f3ee0 0000000001f2f000
0x000000000232e8b0:   00000000540f3ee0 0000000001f2f000
0x000000000232e8c0:   0000000013fd9e10 0000000013fd9e10
0x000000000232e8d0:   0000000001f2f000 0000000013fd71f8
0x000000000232e8e0:   00000000540f3740 0000000001f2f000
0x000000000232e8f0:   00000000540f3740 0000000001f2f000
0x000000000232e900:   00000000000000b6 000000000232eb00
0x000000000232e910:   000000000000000b 0000000001f27e80
0x000000000232e920:   000000000232eab0 000000000000000b
0x000000000232e930:   000000000232ea40 000000006fa92dfd
0x000000000232e940:   000000000232ea40 0000000001f2f980
0x000000000232e950:   0000000001f2f000 0000000001f2f000
0x000000000232e960:   0000000001f2f000 000000006faf91ec
0x000000000232e970:   0000000001f2f000 000000006fa86960 

Instructions: (pc=0x000000006fa92760)
0x000000006fa92740:   49 39 74 24 08 75 63 48 8b 94 24 c8 00 00 00 48
0x000000006fa92750:   85 d2 74 25 80 3d 66 eb 73 00 00 48 8b 32 74 15
0x000000006fa92760:   8b 76 08 8b 0d 27 40 6d 00 48 d3 e6 48 03 35 15
0x000000006fa92770:   40 6d 00 eb 04 48 8b 76 08 48 8b 8c 24 c0 00 00 


Register to memory mapping:

RAX=0x00000000548e4480 is an unknown value
RBX=0x0000000013fb16d0 is pointing into metadata
RCX=0x00000000548e44d8 is an unknown value
RDX=0x0000000001f2f980 is an unknown value
RSP=0x000000000232e880 is pointing into the stack for thread: 0x0000000001f2f000
RBP=0x000000000232e990 is pointing into the stack for thread: 0x0000000001f2f000
RSI=0xfdfd616161616161 is an unknown value
RDI=0x0000000013fd7828 is pointing into metadata
R8 =0x000000000000000c is an unknown value
R9 =0x0000000001f27e80 is an unknown value
R10=0x00000000540f3740 is pointing into metadata
R11=0x0000000013fb16d0 is pointing into metadata
R12=0x0000000001f2f000 is a thread
R13=0x000000000232e8e0 is pointing into the stack for thread: 0x0000000001f2f000
R14=0x0000000001e06070 is an unknown value
R15=0x0000000001e03720 is an unknown value


Stack: [0x0000000002230000,0x0000000002330000],  sp=0x000000000232e880,  free space=1018k
Native frames: (J=compiled Java code, j=interpreted, Vv=VM code, C=native code)
V  [jvm.dll+0xc2760]
V  [jvm.dll+0xc2dfd]
V  [jvm.dll+0xbb2c6]
C  0x000000000262138c

Java frames: (J=compiled Java code, j=interpreted, Vv=VM code)
j  java.io.Writer.write(Ljava/lang/String;)V+4
j  java.io.PrintStream.write(Ljava/lang/String;)V+13
j  java.io.PrintStream.print(Ljava/lang/String;)V+9
j  java.io.PrintStream.println(Ljava/lang/String;)V+6
j  main.java.Main.main([Ljava/lang/String;)V+17
v  ~StubRoutines::call_stub
j  sun.reflect.NativeMethodAccessorImpl.invoke0(Ljava/lang/reflect/Method;Ljava/lang/Object;[Ljava/lang/Object;)Ljava/lang/Object;+0
j  sun.reflect.NativeMethodAccessorImpl.invoke(Ljava/lang/Object;[Ljava/lang/Object;)Ljava/lang/Object;+100
j  sun.reflect.DelegatingMethodAccessorImpl.invoke(Ljava/lang/Object;[Ljava/lang/Object;)Ljava/lang/Object;+6
j  java.lang.reflect.Method.invoke(Ljava/lang/Object;[Ljava/lang/Object;)Ljava/lang/Object;+56
j  com.intellij.rt.execution.application.AppMain.main([Ljava/lang/String;)V+170
v  ~StubRoutines::call_stub

---------------  P R O C E S S  ---------------

Java Threads: ( => current thread )
  0x000000005615a000 JavaThread "Monitor Ctrl-Break" daemon [_thread_in_native, id=8048, stack(0x0000000055e80000,0x0000000055f80000)]
  0x00000000549a7000 JavaThread "Service Thread" daemon [_thread_blocked, id=7164, stack(0x0000000055fa0000,0x00000000560a0000)]
  0x00000000549a2800 JavaThread "C1 CompilerThread1" daemon [_thread_blocked, id=6860, stack(0x0000000055d40000,0x0000000055e40000)]
  0x000000005494c000 JavaThread "C2 CompilerThread0" daemon [_thread_blocked, id=7888, stack(0x0000000055c30000,0x0000000055d30000)]
  0x0000000054948000 JavaThread "Attach Listener" daemon [_thread_blocked, id=3832, stack(0x0000000055a80000,0x0000000055b80000)]
  0x0000000054947000 JavaThread "Signal Dispatcher" daemon [_thread_blocked, id=2232, stack(0x0000000055950000,0x0000000055a50000)]
  0x00000000548e8000 JavaThread "Finalizer" daemon [_thread_blocked, id=1948, stack(0x0000000055360000,0x0000000055460000)]
  0x00000000548e4800 JavaThread "Reference Handler" daemon [_thread_blocked, id=5188, stack(0x0000000055710000,0x0000000055810000)]
=>0x0000000001f2f000 JavaThread "main" [_thread_in_vm, id=5916, stack(0x0000000002230000,0x0000000002330000)]

Other Threads:
  0x00000000548df000 VMThread [stack: 0x00000000554a0000,0x00000000555a0000] [id=7700]
  0x00000000549af800 WatcherThread [stack: 0x0000000056550000,0x0000000056650000] [id=7548]

VM state:not at safepoint (normal execution)

VM Mutex/Monitor currently owned by a thread: None

Heap:
 PSYoungGen      total 18944K, used 1966K [0x00000000eb180000, 0x00000000ec680000, 0x0000000100000000)
  eden space 16384K, 12% used [0x00000000eb180000,0x00000000eb36b9c0,0x00000000ec180000)
  from space 2560K, 0% used [0x00000000ec400000,0x00000000ec400000,0x00000000ec680000)
  to   space 2560K, 0% used [0x00000000ec180000,0x00000000ec180000,0x00000000ec400000)
 ParOldGen       total 44032K, used 0K [0x00000000c1400000, 0x00000000c3f00000, 0x00000000eb180000)
  object space 44032K, 0% used [0x00000000c1400000,0x00000000c1400000,0x00000000c3f00000)
 Metaspace       used 3110K, capacity 4496K, committed 4864K, reserved 1056768K
  class space    used 341K, capacity 388K, committed 512K, reserved 1048576K

Card table byte_map: [0x00000000119c0000,0x0000000011bc0000] byte_map_base: 0x00000000113b6000

Marking Bits: (ParMarkBitMap*) 0x00000000701e0600
 Begin Bits: [0x0000000011e50000, 0x0000000012e00000)
 End Bits:   [0x0000000012e00000, 0x0000000013db0000)

Polling page: 0x0000000000210000

CodeCache: size=245760Kb used=1164Kb max_used=1164Kb free=244595Kb
 bounds [0x0000000002600000, 0x0000000002870000, 0x0000000011600000]
 total_blobs=307 nmethods=63 adapters=158
 compilation: enabled

Compilation events (10 events):
Event: 0.324 Thread 0x00000000549a2800   58       3       java.util.concurrent.ConcurrentHashMap::tabAt (21 bytes)
Event: 0.324 Thread 0x00000000549a2800 nmethod 58 0x000000000271fc90 code [0x000000000271fde0, 0x0000000002720010]
Event: 0.325 Thread 0x00000000549a2800   60       3       java.lang.String::lastIndexOf (52 bytes)
Event: 0.325 Thread 0x00000000549a2800 nmethod 60 0x0000000002720090 code [0x0000000002720220, 0x00000000027205c8]
Event: 0.327 Thread 0x00000000549a2800   61       3       java.io.WinNTFileSystem::isLetter (30 bytes)
Event: 0.327 Thread 0x00000000549a2800 nmethod 61 0x0000000002720750 code [0x00000000027208c0, 0x0000000002720b30]
Event: 1.652 Thread 0x00000000549a2800   62       3       java.lang.StringBuilder::<init> (7 bytes)
Event: 1.652 Thread 0x00000000549a2800 nmethod 62 0x0000000002721990 code [0x0000000002721b00, 0x0000000002721db0]
Event: 1.655 Thread 0x00000000549a2800   63       3       java.util.HashMap::getNode (148 bytes)
Event: 1.655 Thread 0x00000000549a2800 nmethod 63 0x0000000002722510 code [0x00000000027226e0, 0x0000000002723068]

GC Heap History (0 events):
No events

Deoptimization events (0 events):
No events

Internal exceptions (2 events):
Event: 0.083 Thread 0x0000000001f2f000 Exception <a 'java/lang/NoSuchMethodError': Method sun.misc.Unsafe.defineClass(Ljava/lang/String;[BII)Ljava/lang/Class; name or signature does not match> (0x00000000eb1930e8) thrown at [D:\re\puppet\workspace\8-2-build-windows-amd64-cygwin\jdk8u73\6086\hotàû-dûLµ?
Event: 0.083 Thread 0x0000000001f2f000 Exception <a 'java/lang/NoSuchMethodError': Method sun.misc.Unsafe.prefetchRead(Ljava/lang/Object;J)V name or signature does not match> (0x00000000eb1933d0) thrown at [D:\re\puppet\workspace\8-2-build-windows-amd64-cygwin\jdk8u73\6086\hotspot\src\share\vm\

Events (10 events):
Event: 1.654 loading class java/net/Inet4Address
Event: 1.654 loading class java/net/Inet4Address done
Event: 1.654 loading class sun/net/NetHooks
Event: 1.654 loading class sun/net/NetHooks done
Event: 1.654 loading class java/net/Inet6Address
Event: 1.654 loading class java/net/Inet6Address done
Event: 1.655 loading class java/net/Inet6Address$Inet6AddressHolder
Event: 1.655 loading class java/net/Inet6Address$Inet6AddressHolder done
Event: 1.655 loading class java/net/Socket
Event: 1.655 loading class java/net/Socket done


Dynamic libraries:
0x000000013f660000 - 0x000000013f697000 	C:\Program Files\Java\jdk1.8.0_73\bin\java.exe
0x00000000770b0000 - 0x0000000077259000 	C:\Windows\SYSTEM32\ntdll.dll
0x0000000076f90000 - 0x00000000770af000 	C:\Windows\system32\kernel32.dll
0x000007fefd160000 - 0x000007fefd1cb000 	C:\Windows\system32\KERNELBASE.dll
0x000007fefe0c0000 - 0x000007fefe19b000 	C:\Windows\system32\ADVAPI32.dll
0x000007fefe1a0000 - 0x000007fefe23f000 	C:\Windows\system32\msvcrt.dll
0x000007feff320000 - 0x000007feff33f000 	C:\Windows\SYSTEM32\sechost.dll
0x000007fefd220000 - 0x000007fefd34d000 	C:\Windows\system32\RPCRT4.dll
0x0000000076e90000 - 0x0000000076f8a000 	C:\Windows\system32\USER32.dll
0x000007fefdec0000 - 0x000007fefdf27000 	C:\Windows\system32\GDI32.dll
0x000007fefdeb0000 - 0x000007fefdebe000 	C:\Windows\system32\LPK.dll
0x000007fefd350000 - 0x000007fefd419000 	C:\Windows\system32\USP10.dll
0x000007fefb8c0000 - 0x000007fefbab4000 	C:\Windows\WinSxS\amd64_microsoft.windows.common-controls_6595b64144ccf1df_6.0.7601.17514_none_fa396087175ac9ac\COMCTL32.dll
0x000007fefe040000 - 0x000007fefe0b1000 	C:\Windows\system32\SHLWAPI.dll
0x000007fefd420000 - 0x000007fefd44e000 	C:\Windows\system32\IMM32.DLL
0x000007fefdf30000 - 0x000007fefe039000 	C:\Windows\system32\MSCTF.dll
0x0000000078e50000 - 0x0000000078f22000 	C:\Program Files\Java\jdk1.8.0_73\jre\bin\msvcr100.dll
0x000000006f9d0000 - 0x0000000070260000 	C:\Program Files\Java\jdk1.8.0_73\jre\bin\server\jvm.dll
0x000007fef0f00000 - 0x000007fef0f09000 	C:\Windows\system32\WSOCK32.dll
0x000007fefda40000 - 0x000007fefda8d000 	C:\Windows\system32\WS2_32.dll
0x000007fefdc20000 - 0x000007fefdc28000 	C:\Windows\system32\NSI.dll
0x000007fefb170000 - 0x000007fefb1ab000 	C:\Windows\system32\WINMM.dll
0x000007fefbf50000 - 0x000007fefbf5c000 	C:\Windows\system32\VERSION.dll
0x0000000077270000 - 0x0000000077277000 	C:\Windows\system32\PSAPI.DLL
0x000000005a090000 - 0x000000005a09f000 	C:\Program Files\Java\jdk1.8.0_73\jre\bin\verify.dll
0x000000005a040000 - 0x000000005a069000 	C:\Program Files\Java\jdk1.8.0_73\jre\bin\java.dll
0x000000005a020000 - 0x000000005a036000 	C:\Program Files\Java\jdk1.8.0_73\jre\bin\zip.dll
0x000007fefe240000 - 0x000007fefefc8000 	C:\Windows\system32\SHELL32.dll
0x000007feff110000 - 0x000007feff313000 	C:\Windows\system32\ole32.dll
0x000007fefce60000 - 0x000007fefce6f000 	C:\Windows\system32\profapi.dll
0x000007fefa9a0000 - 0x000007fefa9b0000 	C:\Program Files (x86)\JetBrains\IntelliJ IDEA 2016.3.3\bin\breakgen64.dll
0x000007fefa970000 - 0x000007fefa995000 	C:\Users\July\IdeaProjects\ExportOfDLLTest\Test_Of_DLL.dll
0x000007feef340000 - 0x000007feef363000 	C:\Windows\system32\VCRUNTIME140D.dll
0x000007fedee90000 - 0x000007fedf04b000 	C:\Windows\system32\ucrtbased.dll
0x000007fef4be0000 - 0x000007fef4be3000 	C:\Windows\system32\api-ms-win-core-timezone-l1-1-0.dll
0x000007fef11b0000 - 0x000007fef11b3000 	C:\Windows\system32\api-ms-win-core-file-l2-1-0.dll
0x000007fef11a0000 - 0x000007fef11a3000 	C:\Windows\system32\api-ms-win-core-localization-l1-2-0.dll
0x000007fef1190000 - 0x000007fef1193000 	C:\Windows\system32\api-ms-win-core-synch-l1-2-0.dll
0x000007fef1180000 - 0x000007fef1183000 	C:\Windows\system32\api-ms-win-core-processthreads-l1-1-1.dll
0x000007fef1170000 - 0x000007fef1173000 	C:\Windows\system32\api-ms-win-core-file-l1-2-0.dll
0x000000005a000000 - 0x000000005a01a000 	C:\Program Files\Java\jdk1.8.0_73\jre\bin\net.dll
0x000007fefc5d0000 - 0x000007fefc625000 	C:\Windows\system32\mswsock.dll
0x000007fefc740000 - 0x000007fefc747000 	C:\Windows\System32\wship6.dll
0x000007fef4d70000 - 0x000007fef4e95000 	C:\Windows\system32\dbghelp.dll

VM Arguments:
jvm_args: -Didea.launcher.port=7532 -Didea.launcher.bin.path=C:\Program Files (x86)\JetBrains\IntelliJ IDEA 2016.3.3\bin -Dfile.encoding=UTF-8 
java_command: com.intellij.rt.execution.application.AppMain main.java.Main
java_class_path (initial): C:\Program Files\Java\jdk1.8.0_73\jre\lib\charsets.jar;C:\Program Files\Java\jdk1.8.0_73\jre\lib\deploy.jar;C:\Program Files\Java\jdk1.8.0_73\jre\lib\ext\access-bridge-64.jar;C:\Program Files\Java\jdk1.8.0_73\jre\lib\ext\cldrdata.jar;C:\Program Files\Java\jdk1.8.0_73\jre\lib\ext\dnsns.jar;C:\Program Files\Java\jdk1.8.0_73\jre\lib\ext\jaccess.jar;C:\Program Files\Java\jdk1.8.0_73\jre\lib\ext\jfxrt.jar;C:\Program Files\Java\jdk1.8.0_73\jre\lib\ext\localedata.jar;C:\Program Files\Java\jdk1.8.0_73\jre\lib\ext\nashorn.jar;C:\Program Files\Java\jdk1.8.0_73\jre\lib\ext\sunec.jar;C:\Program Files\Java\jdk1.8.0_73\jre\lib\ext\sunjce_provider.jar;C:\Program Files\Java\jdk1.8.0_73\jre\lib\ext\sunmscapi.jar;C:\Program Files\Java\jdk1.8.0_73\jre\lib\ext\sunpkcs11.jar;C:\Program Files\Java\jdk1.8.0_73\jre\lib\ext\zipfs.jar;C:\Program Files\Java\jdk1.8.0_73\jre\lib\javaws.jar;C:\Program Files\Java\jdk1.8.0_73\jre\lib\jce.jar;C:\Program Files\Java\jdk1.8.0_73\jre\lib\jfr.jar;C:\Program Files\Java\jdk1.8.0_73\jre\lib\jfxswt.jar;C:\Program Files\Java\jdk1.8.0_73\jre\lib\jsse.jar;C:\Program Files\Java\jdk1.8.0_73\jre\lib\management-agent.jar;C:\Program Files\Java\jdk1.8.0_73\jre\lib\plugin.jar;C:\Program Files\Java\jdk1.8.0_73\jre\lib\resources.jar;C:\Program Files\Java\jdk1.8.0_73\jre\lib\rt.jar;C:\Users\July\IdeaProjects\ExportOfDLLTest\out\production\ExportOfDLLTest;C:\Users\July\IdeaProjects\ExportOfDLLTest\libs\jna-4.3.0.jar;C:\Program Files (x86)\JetBrains\IntelliJ IDEA 2016.3.3\lib\idea_rt.jar
Launcher Type: SUN_STANDARD

Environment Variables:
PATH=C:\PROGRA~2\Borland\CBUILD~1\Bin;C:\PROGRA~2\Borland\CBUILD~1\Projects\Bpl;C:\ProgramData\Oracle\Java\javapath;C:\Windows\system32;C:\Windows;C:\Windows\System32\Wbem;C:\Windows\System32\WindowsPowerShell\v1.0\;C:\Program Files (x86)\AMD\ATI.ACE\Core-Static;C:\Windows\system32\config\systemprofile\.dnx\bin;C:\Program Files\Microsoft DNX\Dnvm\;C:\Program Files (x86)\Windows Kits\8.1\Windows Performance Toolkit\;C:\Program Files\Microsoft SQL Server\120\Tools\Binn\;C:\Program Files\Microsoft SQL Server\130\Tools\Binn\;C:\Program Files\Git\cmd;C:\Program Files\Java\jdk1.8.0_73\bin;C:\Program Files\OpenVPN\bin;C:\Program Files (x86)\Skype\Phone\;C:\Program Files (x86)\Microsoft SQL Server\100\Tools\Binn\;C:\Program Files\Microsoft SQL Server\100\Tools\Binn\;C:\Program Files\Microsoft SQL Server\100\DTS\Binn\;C:\Program Files\Microsoft SQL Server\110\Tools\Binn\;D:\Users\July\Documents\Visual Studio 2015\Projects\opencv\build\x64\vc14\bin;C:\jython2.7.0\bin;C:\Users\July\AppData\Local\Programs\Python\Python36-32\Scripts\;C:\Users\July\AppData\Local\Programs\Python\Python36-32\;C:\Users\July\AppData\Local\Temp;
USERNAME=July
OS=Windows_NT
PROCESSOR_IDENTIFIER=Intel64 Family 6 Model 42 Stepping 7, GenuineIntel



---------------  S Y S T E M  ---------------

OS: Windows 7 , 64 bit Build 7601 (6.1.7601.18015)

CPU:total 2 (2 cores per cpu, 1 threads per core) family 6 model 42 stepping 7, cmov, cx8, fxsr, mmx, sse, sse2, sse3, ssse3, sse4.1, sse4.2, popcnt, clmul, tsc, tscinvbit

Memory: 4k page, physical 4106136k(831556k free), swap 8210408k(1895900k free)

vm_info: Java HotSpot(TM) 64-Bit Server VM (25.73-b02) for windows-amd64 JRE (1.8.0_73-b02), built on Jan 29 2016 17:38:49 by "java_re" with MS VC++ 10.0 (VS2010)

time: Fri May 18 12:37:15 2018
elapsed time: 1 seconds (0d 0h 0m 1s)

